#! /c/Source/iverilog-install/bin/vvp
:ivl_version "12.0 (devel)" "(s20150603-1539-g2693dd32b)";
:ivl_delay_selection "TYPICAL";
:vpi_time_precision - 12;
:vpi_module "C:\WORKSP~1\Software\iverilog\lib\ivl\system.vpi";
:vpi_module "C:\WORKSP~1\Software\iverilog\lib\ivl\vhdl_sys.vpi";
:vpi_module "C:\WORKSP~1\Software\iverilog\lib\ivl\vhdl_textio.vpi";
:vpi_module "C:\WORKSP~1\Software\iverilog\lib\ivl\v2005_math.vpi";
:vpi_module "C:\WORKSP~1\Software\iverilog\lib\ivl\va_math.vpi";
S_0000014919c3a870 .scope module, "test_top" "test_top" 2 3;
 .timescale -9 -12;
v0000014919c96e50_0 .var "clk", 0 0;
v0000014919c97030_0 .var "reset", 0 0;
S_0000014919c160b0 .scope module, "DUT" "top" 2 8, 3 1 0, S_0000014919c3a870;
 .timescale -9 -12;
    .port_info 0 /INPUT 1 "clk";
    .port_info 1 /INPUT 1 "reset";
v0000014919c8d1b0_0 .net "clk", 0 0, v0000014919c96e50_0;  1 drivers
v0000014919c8dbb0_0 .net "instr", 6 0, v0000014919c8d7f0_0;  1 drivers
v0000014919c8dcf0_0 .net "opcode", 2 0, v0000014919c3aa00_0;  1 drivers
v0000014919c98070 .array "out_state", 3 0;
v0000014919c98070_0 .net v0000014919c98070 0, 7 0, L_0000014919c96ef0; 1 drivers
v0000014919c98070_1 .net v0000014919c98070 1, 7 0, L_0000014919c97b70; 1 drivers
v0000014919c98070_2 .net v0000014919c98070 2, 7 0, L_0000014919c96d10; 1 drivers
v0000014919c98070_3 .net v0000014919c98070 3, 7 0, L_0000014919c972b0; 1 drivers
v0000014919c97530_0 .net "out_state_flat", 31 0, L_0000014919c97850;  1 drivers
v0000014919c97670_0 .var "pc", 3 0;
v0000014919c970d0_0 .net "qubit1", 1 0, v0000014919c163d0_0;  1 drivers
v0000014919c97710_0 .net "qubit2", 1 0, v0000014919c16470_0;  1 drivers
v0000014919c96950_0 .net "reset", 0 0, v0000014919c97030_0;  1 drivers
v0000014919c969f0_0 .net "result", 1 0, v0000014919c8d390_0;  1 drivers
v0000014919c973f0_0 .net "state_real_flat", 31 0, L_0000014919c963b0;  1 drivers
E_0000014919d29ff0 .event posedge, v0000014919c8d6b0_0;
L_0000014919c96ef0 .part L_0000014919c97850, 24, 8;
L_0000014919c97b70 .part L_0000014919c97850, 16, 8;
L_0000014919c96d10 .part L_0000014919c97850, 8, 8;
L_0000014919c972b0 .part L_0000014919c97850, 0, 8;
L_0000014919c963b0 .concat [ 8 8 8 8], L_0000014919c96ef0, L_0000014919c97b70, L_0000014919c96d10, L_0000014919c972b0;
S_0000014919c16240 .scope module, "DEC" "instruction_decoder" 3 36, 4 1 0, S_0000014919c160b0;
 .timescale -9 -12;
    .port_info 0 /INPUT 7 "instruction";
    .port_info 1 /OUTPUT 3 "opcode";
    .port_info 2 /OUTPUT 2 "qubit1";
    .port_info 3 /OUTPUT 2 "qubit2";
v0000014919d26d00_0 .net "instruction", 6 0, v0000014919c8d7f0_0;  alias, 1 drivers
v0000014919c3aa00_0 .var "opcode", 2 0;
v0000014919c163d0_0 .var "qubit1", 1 0;
v0000014919c16470_0 .var "qubit2", 1 0;
E_0000014919d2a830 .event anyedge, v0000014919d26d00_0;
S_0000014919c20d80 .scope module, "QCORE" "quantum_core" 3 44, 5 1 0, S_0000014919c160b0;
 .timescale -9 -12;
    .port_info 0 /INPUT 1 "clk";
    .port_info 1 /INPUT 1 "reset";
    .port_info 2 /INPUT 3 "opcode";
    .port_info 3 /INPUT 2 "qubit1";
    .port_info 4 /INPUT 2 "qubit2";
    .port_info 5 /OUTPUT 32 "out_state_flat";
v0000014919c8d6b0_0 .net "clk", 0 0, v0000014919c96e50_0;  alias, 1 drivers
v0000014919c8d4d0_0 .var/i "i", 31 0;
v0000014919c8d570_0 .net "opcode", 2 0, v0000014919c3aa00_0;  alias, 1 drivers
v0000014919c8d930_0 .net "out_state_flat", 31 0, L_0000014919c97850;  alias, 1 drivers
v0000014919c8d430_0 .net "qubit1", 1 0, v0000014919c163d0_0;  alias, 1 drivers
v0000014919c8de30_0 .net "qubit2", 1 0, v0000014919c16470_0;  alias, 1 drivers
v0000014919c8d750_0 .net "reset", 0 0, v0000014919c97030_0;  alias, 1 drivers
v0000014919c8d250 .array/s "state", 3 0, 7 0;
E_0000014919d2a8f0 .event posedge, v0000014919c8d750_0, v0000014919c8d6b0_0;
v0000014919c8d250_3 .array/port v0000014919c8d250, 3;
v0000014919c8d250_2 .array/port v0000014919c8d250, 2;
v0000014919c8d250_1 .array/port v0000014919c8d250, 1;
v0000014919c8d250_0 .array/port v0000014919c8d250, 0;
L_0000014919c97850 .concat [ 8 8 8 8], v0000014919c8d250_3, v0000014919c8d250_2, v0000014919c8d250_1, v0000014919c8d250_0;
S_0000014919c20f10 .scope task, "apply_cnot" "apply_cnot" 5 63, 5 63 0, S_0000014919c20d80;
 .timescale -9 -12;
v0000014919c210a0_0 .var "control", 1 0;
v0000014919c21140_0 .var "target", 1 0;
v0000014919c8d890_0 .var/s "temp", 7 0;
TD_test_top.DUT.QCORE.apply_cnot ;
    %load/vec4 v0000014919c210a0_0;
    %pad/u 32;
    %cmpi/e 0, 0, 32;
    %flag_get/vec4 4;
    %jmp/0 T_0.2, 4;
    %load/vec4 v0000014919c21140_0;
    %pad/u 32;
    %pushi/vec4 1, 0, 32;
    %cmp/e;
    %flag_get/vec4 4;
    %and;
T_0.2;
    %flag_set/vec4 8;
    %jmp/0xz  T_0.0, 8;
    %ix/load 4, 2, 0;
    %flag_set/imm 4, 0;
    %load/vec4a v0000014919c8d250, 4;
    %store/vec4 v0000014919c8d890_0, 0, 8;
    %ix/load 4, 3, 0;
    %flag_set/imm 4, 0;
    %load/vec4a v0000014919c8d250, 4;
    %ix/load 4, 2, 0;
    %flag_set/imm 4, 0;
    %store/vec4a v0000014919c8d250, 4, 0;
    %load/vec4 v0000014919c8d890_0;
    %ix/load 4, 3, 0;
    %flag_set/imm 4, 0;
    %store/vec4a v0000014919c8d250, 4, 0;
    %jmp T_0.1;
T_0.0 ;
    %load/vec4 v0000014919c210a0_0;
    %pad/u 32;
    %cmpi/e 1, 0, 32;
    %flag_get/vec4 4;
    %jmp/0 T_0.5, 4;
    %load/vec4 v0000014919c21140_0;
    %pad/u 32;
    %pushi/vec4 0, 0, 32;
    %cmp/e;
    %flag_get/vec4 4;
    %and;
T_0.5;
    %flag_set/vec4 8;
    %jmp/0xz  T_0.3, 8;
    %ix/load 4, 1, 0;
    %flag_set/imm 4, 0;
    %load/vec4a v0000014919c8d250, 4;
    %store/vec4 v0000014919c8d890_0, 0, 8;
    %ix/load 4, 3, 0;
    %flag_set/imm 4, 0;
    %load/vec4a v0000014919c8d250, 4;
    %ix/load 4, 1, 0;
    %flag_set/imm 4, 0;
    %store/vec4a v0000014919c8d250, 4, 0;
    %load/vec4 v0000014919c8d890_0;
    %ix/load 4, 3, 0;
    %flag_set/imm 4, 0;
    %store/vec4a v0000014919c8d250, 4, 0;
T_0.3 ;
T_0.1 ;
    %end;
S_0000014919c1ac50 .scope task, "apply_hadamard" "apply_hadamard" 5 31, 5 31 0, S_0000014919c20d80;
 .timescale -9 -12;
v0000014919c8d610_0 .var "qubit", 1 0;
v0000014919c8dd90_0 .var/s "temp0", 7 0;
v0000014919c8e010_0 .var/s "temp1", 7 0;
TD_test_top.DUT.QCORE.apply_hadamard ;
    %load/vec4 v0000014919c8d610_0;
    %pad/u 32;
    %cmpi/e 0, 0, 32;
    %jmp/0xz  T_1.6, 4;
    %ix/load 4, 0, 0;
    %flag_set/imm 4, 0;
    %load/vec4a v0000014919c8d250, 4;
    %ix/load 4, 2, 0;
    %flag_set/imm 4, 0;
    %load/vec4a v0000014919c8d250, 4;
    %add;
    %ix/load 4, 1, 0;
    %flag_set/imm 4, 0;
    %shiftr/s 4;
    %store/vec4 v0000014919c8dd90_0, 0, 8;
    %ix/load 4, 0, 0;
    %flag_set/imm 4, 0;
    %load/vec4a v0000014919c8d250, 4;
    %ix/load 4, 2, 0;
    %flag_set/imm 4, 0;
    %load/vec4a v0000014919c8d250, 4;
    %sub;
    %ix/load 4, 1, 0;
    %flag_set/imm 4, 0;
    %shiftr/s 4;
    %store/vec4 v0000014919c8e010_0, 0, 8;
    %load/vec4 v0000014919c8dd90_0;
    %ix/load 4, 0, 0;
    %flag_set/imm 4, 0;
    %store/vec4a v0000014919c8d250, 4, 0;
    %load/vec4 v0000014919c8e010_0;
    %ix/load 4, 2, 0;
    %flag_set/imm 4, 0;
    %store/vec4a v0000014919c8d250, 4, 0;
    %ix/load 4, 1, 0;
    %flag_set/imm 4, 0;
    %load/vec4a v0000014919c8d250, 4;
    %ix/load 4, 3, 0;
    %flag_set/imm 4, 0;
    %load/vec4a v0000014919c8d250, 4;
    %add;
    %ix/load 4, 1, 0;
    %flag_set/imm 4, 0;
    %shiftr/s 4;
    %store/vec4 v0000014919c8dd90_0, 0, 8;
    %ix/load 4, 1, 0;
    %flag_set/imm 4, 0;
    %load/vec4a v0000014919c8d250, 4;
    %ix/load 4, 3, 0;
    %flag_set/imm 4, 0;
    %load/vec4a v0000014919c8d250, 4;
    %sub;
    %ix/load 4, 1, 0;
    %flag_set/imm 4, 0;
    %shiftr/s 4;
    %store/vec4 v0000014919c8e010_0, 0, 8;
    %load/vec4 v0000014919c8dd90_0;
    %ix/load 4, 1, 0;
    %flag_set/imm 4, 0;
    %store/vec4a v0000014919c8d250, 4, 0;
    %load/vec4 v0000014919c8e010_0;
    %ix/load 4, 3, 0;
    %flag_set/imm 4, 0;
    %store/vec4a v0000014919c8d250, 4, 0;
T_1.6 ;
    %end;
S_0000014919c1ade0 .scope task, "apply_x" "apply_x" 5 49, 5 49 0, S_0000014919c20d80;
 .timescale -9 -12;
v0000014919c8e0b0_0 .var "qubit", 1 0;
v0000014919c8df70_0 .var/s "temp", 7 0;
TD_test_top.DUT.QCORE.apply_x ;
    %load/vec4 v0000014919c8e0b0_0;
    %pad/u 32;
    %cmpi/e 0, 0, 32;
    %jmp/0xz  T_2.8, 4;
    %ix/load 4, 0, 0;
    %flag_set/imm 4, 0;
    %load/vec4a v0000014919c8d250, 4;
    %store/vec4 v0000014919c8df70_0, 0, 8;
    %ix/load 4, 2, 0;
    %flag_set/imm 4, 0;
    %load/vec4a v0000014919c8d250, 4;
    %ix/load 4, 0, 0;
    %flag_set/imm 4, 0;
    %store/vec4a v0000014919c8d250, 4, 0;
    %load/vec4 v0000014919c8df70_0;
    %ix/load 4, 2, 0;
    %flag_set/imm 4, 0;
    %store/vec4a v0000014919c8d250, 4, 0;
    %ix/load 4, 1, 0;
    %flag_set/imm 4, 0;
    %load/vec4a v0000014919c8d250, 4;
    %store/vec4 v0000014919c8df70_0, 0, 8;
    %ix/load 4, 3, 0;
    %flag_set/imm 4, 0;
    %load/vec4a v0000014919c8d250, 4;
    %ix/load 4, 1, 0;
    %flag_set/imm 4, 0;
    %store/vec4a v0000014919c8d250, 4, 0;
    %load/vec4 v0000014919c8df70_0;
    %ix/load 4, 3, 0;
    %flag_set/imm 4, 0;
    %store/vec4a v0000014919c8d250, 4, 0;
    %jmp T_2.9;
T_2.8 ;
    %load/vec4 v0000014919c8e0b0_0;
    %pad/u 32;
    %cmpi/e 1, 0, 32;
    %jmp/0xz  T_2.10, 4;
    %ix/load 4, 0, 0;
    %flag_set/imm 4, 0;
    %load/vec4a v0000014919c8d250, 4;
    %store/vec4 v0000014919c8df70_0, 0, 8;
    %ix/load 4, 1, 0;
    %flag_set/imm 4, 0;
    %load/vec4a v0000014919c8d250, 4;
    %ix/load 4, 0, 0;
    %flag_set/imm 4, 0;
    %store/vec4a v0000014919c8d250, 4, 0;
    %load/vec4 v0000014919c8df70_0;
    %ix/load 4, 1, 0;
    %flag_set/imm 4, 0;
    %store/vec4a v0000014919c8d250, 4, 0;
    %ix/load 4, 2, 0;
    %flag_set/imm 4, 0;
    %load/vec4a v0000014919c8d250, 4;
    %store/vec4 v0000014919c8df70_0, 0, 8;
    %ix/load 4, 3, 0;
    %flag_set/imm 4, 0;
    %load/vec4a v0000014919c8d250, 4;
    %ix/load 4, 2, 0;
    %flag_set/imm 4, 0;
    %store/vec4a v0000014919c8d250, 4, 0;
    %load/vec4 v0000014919c8df70_0;
    %ix/load 4, 3, 0;
    %flag_set/imm 4, 0;
    %store/vec4a v0000014919c8d250, 4, 0;
T_2.10 ;
T_2.9 ;
    %end;
S_0000014919c32cc0 .scope module, "ROM" "program_rom" 3 21, 6 1 0, S_0000014919c160b0;
 .timescale -9 -12;
    .port_info 0 /INPUT 4 "addr";
    .port_info 1 /OUTPUT 7 "instruction";
v0000014919c8d2f0_0 .net "addr", 3 0, v0000014919c97670_0;  1 drivers
v0000014919c8d7f0_0 .var "instruction", 6 0;
E_0000014919d2a0b0 .event anyedge, v0000014919c8d2f0_0;
S_0000014919c32e50 .scope module, "meas" "measure" 3 30, 7 1 0, S_0000014919c160b0;
 .timescale -9 -12;
    .port_info 0 /INPUT 32 "state_real_flat";
    .port_info 1 /OUTPUT 2 "measured_result";
v0000014919c8ded0_0 .var/i "i", 31 0;
v0000014919c8d9d0_0 .var "max_index", 1 0;
v0000014919c8da70_0 .var "max_val", 7 0;
v0000014919c8d390_0 .var "measured_result", 1 0;
v0000014919c8dc50 .array "state_real", 3 0, 7 0;
v0000014919c8db10_0 .net "state_real_flat", 31 0, L_0000014919c963b0;  alias, 1 drivers
v0000014919c8dc50_0 .array/port v0000014919c8dc50, 0;
v0000014919c8dc50_1 .array/port v0000014919c8dc50, 1;
v0000014919c8dc50_2 .array/port v0000014919c8dc50, 2;
E_0000014919d29730/0 .event anyedge, v0000014919c8db10_0, v0000014919c8dc50_0, v0000014919c8dc50_1, v0000014919c8dc50_2;
v0000014919c8dc50_3 .array/port v0000014919c8dc50, 3;
E_0000014919d29730/1 .event anyedge, v0000014919c8dc50_3, v0000014919c8da70_0, v0000014919c8d9d0_0;
E_0000014919d29730 .event/or E_0000014919d29730/0, E_0000014919d29730/1;
    .scope S_0000014919c32cc0;
T_3 ;
    %wait E_0000014919d2a0b0;
    %load/vec4 v0000014919c8d2f0_0;
    %dup/vec4;
    %pushi/vec4 0, 0, 4;
    %cmp/u;
    %jmp/1 T_3.0, 6;
    %dup/vec4;
    %pushi/vec4 1, 0, 4;
    %cmp/u;
    %jmp/1 T_3.1, 6;
    %dup/vec4;
    %pushi/vec4 2, 0, 4;
    %cmp/u;
    %jmp/1 T_3.2, 6;
    %pushi/vec4 0, 0, 7;
    %store/vec4 v0000014919c8d7f0_0, 0, 7;
    %jmp T_3.4;
T_3.0 ;
    %pushi/vec4 0, 0, 7;
    %store/vec4 v0000014919c8d7f0_0, 0, 7;
    %jmp T_3.4;
T_3.1 ;
    %pushi/vec4 33, 0, 7;
    %store/vec4 v0000014919c8d7f0_0, 0, 7;
    %jmp T_3.4;
T_3.2 ;
    %pushi/vec4 52, 0, 7;
    %store/vec4 v0000014919c8d7f0_0, 0, 7;
    %jmp T_3.4;
T_3.4 ;
    %pop/vec4 1;
    %jmp T_3;
    .thread T_3, $push;
    .scope S_0000014919c32e50;
T_4 ;
    %wait E_0000014919d29730;
    %load/vec4 v0000014919c8db10_0;
    %parti/s 8, 0, 2;
    %ix/load 4, 0, 0;
    %flag_set/imm 4, 0;
    %store/vec4a v0000014919c8dc50, 4, 0;
    %load/vec4 v0000014919c8db10_0;
    %parti/s 8, 8, 5;
    %ix/load 4, 1, 0;
    %flag_set/imm 4, 0;
    %store/vec4a v0000014919c8dc50, 4, 0;
    %load/vec4 v0000014919c8db10_0;
    %parti/s 8, 16, 6;
    %ix/load 4, 2, 0;
    %flag_set/imm 4, 0;
    %store/vec4a v0000014919c8dc50, 4, 0;
    %load/vec4 v0000014919c8db10_0;
    %parti/s 8, 24, 6;
    %ix/load 4, 3, 0;
    %flag_set/imm 4, 0;
    %store/vec4a v0000014919c8dc50, 4, 0;
    %pushi/vec4 0, 0, 8;
    %store/vec4 v0000014919c8da70_0, 0, 8;
    %pushi/vec4 0, 0, 2;
    %store/vec4 v0000014919c8d9d0_0, 0, 2;
    %pushi/vec4 0, 0, 32;
    %store/vec4 v0000014919c8ded0_0, 0, 32;
T_4.0 ;
    %load/vec4 v0000014919c8ded0_0;
    %cmpi/s 4, 0, 32;
    %jmp/0xz T_4.1, 5;
    %ix/getv/s 4, v0000014919c8ded0_0;
    %load/vec4a v0000014919c8dc50, 4;
    %parti/s 1, 7, 4;
    %pad/u 32;
    %cmpi/e 0, 0, 32;
    %flag_get/vec4 4;
    %jmp/0 T_4.4, 4;
    %load/vec4 v0000014919c8da70_0;
    %ix/getv/s 4, v0000014919c8ded0_0;
    %load/vec4a v0000014919c8dc50, 4;
    %cmp/u;
    %flag_get/vec4 5;
    %and;
T_4.4;
    %flag_set/vec4 8;
    %jmp/0xz  T_4.2, 8;
    %ix/getv/s 4, v0000014919c8ded0_0;
    %load/vec4a v0000014919c8dc50, 4;
    %store/vec4 v0000014919c8da70_0, 0, 8;
    %load/vec4 v0000014919c8ded0_0;
    %parti/s 2, 0, 2;
    %store/vec4 v0000014919c8d9d0_0, 0, 2;
T_4.2 ;
    %load/vec4 v0000014919c8ded0_0;
    %addi 1, 0, 32;
    %store/vec4 v0000014919c8ded0_0, 0, 32;
    %jmp T_4.0;
T_4.1 ;
    %load/vec4 v0000014919c8d9d0_0;
    %store/vec4 v0000014919c8d390_0, 0, 2;
    %jmp T_4;
    .thread T_4, $push;
    .scope S_0000014919c16240;
T_5 ;
    %wait E_0000014919d2a830;
    %load/vec4 v0000014919d26d00_0;
    %parti/s 3, 4, 4;
    %store/vec4 v0000014919c3aa00_0, 0, 3;
    %load/vec4 v0000014919d26d00_0;
    %parti/s 2, 2, 3;
    %store/vec4 v0000014919c163d0_0, 0, 2;
    %load/vec4 v0000014919d26d00_0;
    %parti/s 2, 0, 2;
    %store/vec4 v0000014919c16470_0, 0, 2;
    %jmp T_5;
    .thread T_5, $push;
    .scope S_0000014919c20d80;
T_6 ;
    %wait E_0000014919d2a8f0;
    %load/vec4 v0000014919c8d750_0;
    %flag_set/vec4 8;
    %jmp/0xz  T_6.0, 8;
    %pushi/vec4 0, 0, 32;
    %store/vec4 v0000014919c8d4d0_0, 0, 32;
T_6.2 ;
    %load/vec4 v0000014919c8d4d0_0;
    %cmpi/s 4, 0, 32;
    %jmp/0xz T_6.3, 5;
    %pushi/vec4 0, 0, 8;
    %ix/getv/s 3, v0000014919c8d4d0_0;
    %ix/load 4, 0, 0; Constant delay
    %assign/vec4/a/d v0000014919c8d250, 0, 4;
    %load/vec4 v0000014919c8d4d0_0;
    %addi 1, 0, 32;
    %store/vec4 v0000014919c8d4d0_0, 0, 32;
    %jmp T_6.2;
T_6.3 ;
    %pushi/vec4 10, 0, 8;
    %ix/load 3, 0, 0;
    %flag_set/imm 4, 0;
    %ix/load 4, 0, 0; Constant delay
    %assign/vec4/a/d v0000014919c8d250, 0, 4;
    %jmp T_6.1;
T_6.0 ;
    %load/vec4 v0000014919c8d570_0;
    %dup/vec4;
    %pushi/vec4 0, 0, 3;
    %cmp/u;
    %jmp/1 T_6.4, 6;
    %dup/vec4;
    %pushi/vec4 1, 0, 3;
    %cmp/u;
    %jmp/1 T_6.5, 6;
    %dup/vec4;
    %pushi/vec4 2, 0, 3;
    %cmp/u;
    %jmp/1 T_6.6, 6;
    %jmp T_6.8;
T_6.4 ;
    %load/vec4 v0000014919c8d430_0;
    %store/vec4 v0000014919c8d610_0, 0, 2;
    %fork TD_test_top.DUT.QCORE.apply_hadamard, S_0000014919c1ac50;
    %join;
    %jmp T_6.8;
T_6.5 ;
    %load/vec4 v0000014919c8d430_0;
    %store/vec4 v0000014919c8e0b0_0, 0, 2;
    %fork TD_test_top.DUT.QCORE.apply_x, S_0000014919c1ade0;
    %join;
    %jmp T_6.8;
T_6.6 ;
    %load/vec4 v0000014919c8d430_0;
    %store/vec4 v0000014919c210a0_0, 0, 2;
    %load/vec4 v0000014919c8de30_0;
    %store/vec4 v0000014919c21140_0, 0, 2;
    %fork TD_test_top.DUT.QCORE.apply_cnot, S_0000014919c20f10;
    %join;
    %jmp T_6.8;
T_6.8 ;
    %pop/vec4 1;
T_6.1 ;
    %jmp T_6;
    .thread T_6;
    .scope S_0000014919c160b0;
T_7 ;
    %wait E_0000014919d2a8f0;
    %load/vec4 v0000014919c96950_0;
    %flag_set/vec4 8;
    %jmp/0xz  T_7.0, 8;
    %pushi/vec4 0, 0, 4;
    %assign/vec4 v0000014919c97670_0, 0;
    %jmp T_7.1;
T_7.0 ;
    %load/vec4 v0000014919c97670_0;
    %addi 1, 0, 4;
    %assign/vec4 v0000014919c97670_0, 0;
T_7.1 ;
    %jmp T_7;
    .thread T_7;
    .scope S_0000014919c160b0;
T_8 ;
    %wait E_0000014919d29ff0;
    %vpi_call 3 62 "$display", "Time %0t:", $time {0 0 0};
    %vpi_call 3 63 "$display", "  PC = %0d | Opcode = %b | q1 = %b | q2 = %b", v0000014919c97670_0, v0000014919c8dcf0_0, v0000014919c970d0_0, v0000014919c97710_0 {0 0 0};
    %vpi_call 3 64 "$display", "  Quantum State = [%0d, %0d, %0d, %0d]", v0000014919c98070_0, v0000014919c98070_1, v0000014919c98070_2, v0000014919c98070_3 {0 0 0};
    %vpi_call 3 66 "$display", "  Measured Output = %b", v0000014919c969f0_0 {0 0 0};
    %vpi_call 3 67 "$display", "\000" {0 0 0};
    %jmp T_8;
    .thread T_8;
    .scope S_0000014919c3a870;
T_9 ;
    %pushi/vec4 0, 0, 1;
    %store/vec4 v0000014919c96e50_0, 0, 1;
T_9.0 ;
    %delay 5000, 0;
    %load/vec4 v0000014919c96e50_0;
    %inv;
    %store/vec4 v0000014919c96e50_0, 0, 1;
    %jmp T_9.0;
    %end;
    .thread T_9;
    .scope S_0000014919c3a870;
T_10 ;
    %pushi/vec4 1, 0, 1;
    %store/vec4 v0000014919c97030_0, 0, 1;
    %delay 10000, 0;
    %pushi/vec4 0, 0, 1;
    %store/vec4 v0000014919c97030_0, 0, 1;
    %delay 100000, 0;
    %vpi_call 2 29 "$display", "Simulation complete." {0 0 0};
    %vpi_call 2 30 "$finish" {0 0 0};
    %end;
    .thread T_10;
# The file index is used to find the file name in the following table.
:file_names 8;
    "N/A";
    "<interactive>";
    "test_top.v";
    "top.v";
    "instruction_decoder.v";
    "quantum_core.v";
    "program_rom.v";
    "measure.v";
